Generated at 2014-02-23 22:33:24 +0000
Chef::Exceptions::MultipleFailures: Chef::Exceptions::MultipleFailures
/opt/chef/embedded/lib/ruby/gems/1.9.1/gems/mixlib-shellout-1.3.0/lib/mixlib/shellout.rb:253:in `invalid!'
/opt/chef/embedded/lib/ruby/gems/1.9.1/gems/mixlib-shellout-1.3.0/lib/mixlib/shellout.rb:239:in `error!'
/opt/chef/embedded/lib/ruby/gems/1.9.1/gems/chef-11.10.4/lib/chef/mixin/shell_out.rb:45:in `shell_out!'
/opt/chef/embedded/lib/ruby/gems/1.9.1/gems/chef-11.10.4/lib/chef/provider/service/init.rb:55:in `start_service'
/opt/chef/embedded/lib/ruby/gems/1.9.1/gems/chef-11.10.4/lib/chef/provider/service.rb:90:in `block in action_start'
/opt/chef/embedded/lib/ruby/gems/1.9.1/gems/chef-11.10.4/lib/chef/mixin/why_run.rb:52:in `call'
/opt/chef/embedded/lib/ruby/gems/1.9.1/gems/chef-11.10.4/lib/chef/mixin/why_run.rb:52:in `add_action'
/opt/chef/embedded/lib/ruby/gems/1.9.1/gems/chef-11.10.4/lib/chef/provider.rb:155:in `converge_by'
/opt/chef/embedded/lib/ruby/gems/1.9.1/gems/chef-11.10.4/lib/chef/provider/service.rb:89:in `action_start'
/opt/chef/embedded/lib/ruby/gems/1.9.1/gems/chef-11.10.4/lib/chef/provider.rb:120:in `run_action'
/opt/chef/embedded/lib/ruby/gems/1.9.1/gems/chef-11.10.4/lib/chef/resource.rb:625:in `run_action'
/opt/chef/embedded/lib/ruby/gems/1.9.1/gems/chef-11.10.4/lib/chef/runner.rb:49:in `run_action'
/opt/chef/embedded/lib/ruby/gems/1.9.1/gems/chef-11.10.4/lib/chef/runner.rb:81:in `block (2 levels) in converge'
/opt/chef/embedded/lib/ruby/gems/1.9.1/gems/chef-11.10.4/lib/chef/runner.rb:81:in `each'
/opt/chef/embedded/lib/ruby/gems/1.9.1/gems/chef-11.10.4/lib/chef/runner.rb:81:in `block in converge'
/opt/chef/embedded/lib/ruby/gems/1.9.1/gems/chef-11.10.4/lib/chef/resource_collection.rb:98:in `block in execute_each_resource'
/opt/chef/embedded/lib/ruby/gems/1.9.1/gems/chef-11.10.4/lib/chef/resource_collection/stepable_iterator.rb:116:in `call'
/opt/chef/embedded/lib/ruby/gems/1.9.1/gems/chef-11.10.4/lib/chef/resource_collection/stepable_iterator.rb:116:in `call_iterator_block'
/opt/chef/embedded/lib/ruby/gems/1.9.1/gems/chef-11.10.4/lib/chef/resource_collection/stepable_iterator.rb:85:in `step'
/opt/chef/embedded/lib/ruby/gems/1.9.1/gems/chef-11.10.4/lib/chef/resource_collection/stepable_iterator.rb:104:in `iterate'
/opt/chef/embedded/lib/ruby/gems/1.9.1/gems/chef-11.10.4/lib/chef/resource_collection/stepable_iterator.rb:55:in `each_with_index'
/opt/chef/embedded/lib/ruby/gems/1.9.1/gems/chef-11.10.4/lib/chef/resource_collection.rb:96:in `execute_each_resource'
/opt/chef/embedded/lib/ruby/gems/1.9.1/gems/chef-11.10.4/lib/chef/runner.rb:80:in `converge'
/opt/chef/embedded/lib/ruby/gems/1.9.1/gems/chef-11.10.4/lib/chef/client.rb:335:in `converge'
/opt/chef/embedded/lib/ruby/gems/1.9.1/gems/chef-11.10.4/lib/chef/client.rb:415:in `do_run'
/opt/chef/embedded/lib/ruby/gems/1.9.1/gems/chef-11.10.4/lib/chef/client.rb:200:in `block in run'
/opt/chef/embedded/lib/ruby/gems/1.9.1/gems/chef-11.10.4/lib/chef/client.rb:194:in `fork'
/opt/chef/embedded/lib/ruby/gems/1.9.1/gems/chef-11.10.4/lib/chef/client.rb:194:in `run'
/opt/chef/embedded/lib/ruby/gems/1.9.1/gems/chef-11.10.4/lib/chef/application.rb:215:in `run_chef_client'
/opt/chef/embedded/lib/ruby/gems/1.9.1/gems/chef-11.10.4/lib/chef/application/solo.rb:221:in `block in run_application'
/opt/chef/embedded/lib/ruby/gems/1.9.1/gems/chef-11.10.4/lib/chef/application/solo.rb:213:in `loop'
/opt/chef/embedded/lib/ruby/gems/1.9.1/gems/chef-11.10.4/lib/chef/application/solo.rb:213:in `run_application'
/opt/chef/embedded/lib/ruby/gems/1.9.1/gems/chef-11.10.4/lib/chef/application.rb:66:in `run'
/opt/chef/embedded/lib/ruby/gems/1.9.1/gems/chef-11.10.4/bin/chef-solo:25:in `<top (required)>'
/usr/bin/chef-solo:23:in `load'
/usr/bin/chef-solo:23:in `<main>'